<?xml version="1.0" encoding="UTF-8"?>
<!-- Generated by org.testng.reporters.JUnitReportReporter -->
<testsuite hostname="DESKTOP-BPT71G8" name="crm123test.mytestdemo" tests="2" failures="0" timestamp="18 Aug 2020 05:46:56 GMT" time="16.515" errors="0">
  <testcase name="nicktest" time="8.244" classname="crm123test.mytestdemo"/>
  <testcase name="nicktest1" time="8.271" classname="crm123test.mytestdemo"/>
</testsuite> <!-- crm123test.mytestdemo -->
